# JRE version: OpenJDK Runtime Environment Temurin-17.0.2+8 (17.0.2+8) (build 17.0.2+8)
# Java VM: OpenJDK 64-Bit Server VM Temurin-17.0.2+8 (17.0.2+8, mixed mode, emulated-client, tiered, compressed oops, compressed class ptrs, g1 gc, windows-amd64)
GC Precious Log:
 CPUs: 4 total, 4 available
 Memory: 3996M
 Large Page Support: Disabled
 NUMA Support: Disabled
 Compressed Oops: Enabled (32-bit)
 Heap Region Size: 1M
 Heap Min Capacity: 8M
 Heap Initial Capacity: 64M
 Heap Max Capacity: 1000M
 Pre-touch: Disabled
 Parallel Workers: 4
 Concurrent Workers: 1
 Concurrent Refinement Workers: 4
 Periodic GC: Disabled
Heap:
 garbage-first heap   total 247808K, used 26976K [0x00000000c1800000, 0x0000000100000000)
  region size 1024K, 1 young (1024K), 1 survivors (1024K)
 Metaspace       used 55769K, committed 56192K, reserved 1097728K
  class space    used 7325K, committed 7488K, reserved 1048576K
GC Heap History (20 events):
Event: 3607.092 GC heap after
{Heap after GC invocations=43 (full 0):
 garbage-first heap   total 123904K, used 26417K [0x00000000c1800000, 0x0000000100000000)
  region size 1024K, 1 young (1024K), 1 survivors (1024K)
 Metaspace       used 55665K, committed 56128K, reserved 1097728K
  class space    used 7306K, committed 7488K, reserved 1048576K
}
Event: 3631.021 GC heap before
{Heap before GC invocations=43 (full 0):
 garbage-first heap   total 123904K, used 31537K [0x00000000c1800000, 0x0000000100000000)
  region size 1024K, 6 young (6144K), 1 survivors (1024K)
 Metaspace       used 55665K, committed 56128K, reserved 1097728K
  class space    used 7306K, committed 7488K, reserved 1048576K
}
Event: 3639.331 GC heap after
{Heap after GC invocations=44 (full 0):
 garbage-first heap   total 247808K, used 26379K [0x00000000c1800000, 0x0000000100000000)
  region size 1024K, 1 young (1024K), 1 survivors (1024K)
 Metaspace       used 55665K, committed 56128K, reserved 1097728K
  class space    used 7306K, committed 7488K, reserved 1048576K
}
Event: 3698.486 GC heap before
{Heap before GC invocations=44 (full 0):
 garbage-first heap   total 247808K, used 37643K [0x00000000c1800000, 0x0000000100000000)
  region size 1024K, 12 young (12288K), 1 survivors (1024K)
 Metaspace       used 55678K, committed 56128K, reserved 1097728K
  class space    used 7307K, committed 7488K, reserved 1048576K
}
Event: 3698.769 GC heap after
{Heap after GC invocations=45 (full 0):
 garbage-first heap   total 247808K, used 26434K [0x00000000c1800000, 0x0000000100000000)
  region size 1024K, 1 young (1024K), 1 survivors (1024K)
 Metaspace       used 55678K, committed 56128K, reserved 1097728K
  class space    used 7307K, committed 7488K, reserved 1048576K
}
Event: 3751.848 GC heap before
{Heap before GC invocations=45 (full 0):
 garbage-first heap   total 247808K, used 37698K [0x00000000c1800000, 0x0000000100000000)
  region size 1024K, 12 young (12288K), 1 survivors (1024K)
 Metaspace       used 55761K, committed 56192K, reserved 1097728K
  class space    used 7324K, committed 7488K, reserved 1048576K
}
Event: 3752.128 GC heap after
{Heap after GC invocations=46 (full 0):
 garbage-first heap   total 247808K, used 26912K [0x00000000c1800000, 0x0000000100000000)
  region size 1024K, 1 young (1024K), 1 survivors (1024K)
 Metaspace       used 55761K, committed 56192K, reserved 1097728K
  class space    used 7324K, committed 7488K, reserved 1048576K
}
Event: 3797.843 GC heap before
{Heap before GC invocations=46 (full 0):
 garbage-first heap   total 247808K, used 38176K [0x00000000c1800000, 0x0000000100000000)
  region size 1024K, 12 young (12288K), 1 survivors (1024K)
 Metaspace       used 55761K, committed 56192K, reserved 1097728K
  class space    used 7324K, committed 7488K, reserved 1048576K
}
Event: 3797.898 GC heap after
{Heap after GC invocations=47 (full 0):
 garbage-first heap   total 247808K, used 26927K [0x00000000c1800000, 0x0000000100000000)
  region size 1024K, 1 young (1024K), 1 survivors (1024K)
 Metaspace       used 55761K, committed 56192K, reserved 1097728K
  class space    used 7324K, committed 7488K, reserved 1048576K
}
Event: 3844.155 GC heap before
{Heap before GC invocations=47 (full 0):
 garbage-first heap   total 247808K, used 38191K [0x00000000c1800000, 0x0000000100000000)
  region size 1024K, 12 young (12288K), 1 survivors (1024K)
 Metaspace       used 55762K, committed 56192K, reserved 1097728K
  class space    used 7324K, committed 7488K, reserved 1048576K
}
Event: 3844.817 GC heap after
{Heap after GC invocations=48 (full 0):
 garbage-first heap   total 247808K, used 26944K [0x00000000c1800000, 0x0000000100000000)
  region size 1024K, 1 young (1024K), 1 survivors (1024K)
 Metaspace       used 55762K, committed 56192K, reserved 1097728K
  class space    used 7324K, committed 7488K, reserved 1048576K
}
Event: 3891.450 GC heap before
{Heap before GC invocations=48 (full 0):
 garbage-first heap   total 247808K, used 38208K [0x00000000c1800000, 0x0000000100000000)
  region size 1024K, 12 young (12288K), 1 survivors (1024K)
 Metaspace       used 55762K, committed 56192K, reserved 1097728K
  class space    used 7324K, committed 7488K, reserved 1048576K
}
Event: 3891.741 GC heap after
{Heap after GC invocations=49 (full 0):
 garbage-first heap   total 247808K, used 26986K [0x00000000c1800000, 0x0000000100000000)
  region size 1024K, 1 young (1024K), 1 survivors (1024K)
 Metaspace       used 55762K, committed 56192K, reserved 1097728K
  class space    used 7324K, committed 7488K, reserved 1048576K
}
Event: 3946.551 GC heap before
{Heap before GC invocations=49 (full 0):
 garbage-first heap   total 247808K, used 38250K [0x00000000c1800000, 0x0000000100000000)
  region size 1024K, 12 young (12288K), 1 survivors (1024K)
 Metaspace       used 55762K, committed 56192K, reserved 1097728K
  class space    used 7324K, committed 7488K, reserved 1048576K
}
Event: 3964.564 GC heap after
{Heap after GC invocations=50 (full 0):
 garbage-first heap   total 247808K, used 26969K [0x00000000c1800000, 0x0000000100000000)
  region size 1024K, 1 young (1024K), 1 survivors (1024K)
 Metaspace       used 55762K, committed 56192K, reserved 1097728K
  class space    used 7324K, committed 7488K, reserved 1048576K
}
Event: 4020.366 GC heap before
{Heap before GC invocations=50 (full 0):
 garbage-first heap   total 247808K, used 38233K [0x00000000c1800000, 0x0000000100000000)
  region size 1024K, 12 young (12288K), 1 survivors (1024K)
 Metaspace       used 55762K, committed 56192K, reserved 1097728K
  class space    used 7324K, committed 7488K, reserved 1048576K
}
Event: 4036.114 GC heap after
{Heap after GC invocations=51 (full 0):
 garbage-first heap   total 247808K, used 26964K [0x00000000c1800000, 0x0000000100000000)
  region size 1024K, 1 young (1024K), 1 survivors (1024K)
 Metaspace       used 55762K, committed 56192K, reserved 1097728K
  class space    used 7324K, committed 7488K, reserved 1048576K
}
Event: 4087.488 GC heap before
{Heap before GC invocations=51 (full 0):
 garbage-first heap   total 247808K, used 38228K [0x00000000c1800000, 0x0000000100000000)
  region size 1024K, 12 young (12288K), 1 survivors (1024K)
 Metaspace       used 55762K, committed 56192K, reserved 1097728K
  class space    used 7324K, committed 7488K, reserved 1048576K
}
Event: 4090.632 GC heap after
{Heap after GC invocations=52 (full 0):
 garbage-first heap   total 247808K, used 26936K [0x00000000c1800000, 0x0000000100000000)
  region size 1024K, 1 young (1024K), 1 survivors (1024K)
 Metaspace       used 55762K, committed 56192K, reserved 1097728K
  class space    used 7324K, committed 7488K, reserved 1048576K
}
Event: 4159.769 GC heap before
{Heap before GC invocations=52 (full 0):
 garbage-first heap   total 247808K, used 38200K [0x00000000c1800000, 0x0000000100000000)
  region size 1024K, 12 young (12288K), 1 survivors (1024K)
 Metaspace       used 55769K, committed 56192K, reserved 1097728K
  class space    used 7325K, committed 7488K, reserved 1048576K
}

